--- LOG FOR SESSION 3C80044F-6AFD-4067-A864-591DA36110D1 AT 2025-12-04 23:22:52.517 ---

TRACE  2025-12-04 23:22:52.515 [Example] [main.demonstrateMacros(foo:)] This is a trace message using the #logTrace macro <redacted>
DEBUG  2025-12-04 23:22:52.517 [Example] [main.demonstrateMacros(foo:)] This is a trace message using the #logDebug macro
INFO   2025-12-04 23:22:52.517 [Example] [main.demonstrateMacros(foo:)] This is an info message using the #logInfo macro
EVENT  2025-12-04 23:22:52.517 [Example] [main.demonstrateMacros(foo:)] This is a user event message using the #logUserEvent macro
PERFR  2025-12-04 23:22:52.517 [Example] [main.demonstrateMacros(foo:)] This is a performance message using the #logPerformance macro
SCCSS  2025-12-04 23:22:52.517 [Example] [main.demonstrateMacros(foo:)] This is an success message using the #logSuccess macro
WARNG  2025-12-04 23:22:52.517 [Example] [main.demonstrateMacros(foo:)] This is a warning using the #logWarning macro
NOTICE 2025-12-04 23:22:52.517 [Example] [main.demonstrateMacros(foo:)] This is a notice using the #logNotice macro
ERROR  2025-12-04 23:22:52.517 [Example] [main.demonstrateMacros(foo:)] This is an error using the #logError macro
CRITCL 2025-12-04 23:22:52.517 [Example] [main.demonstrateMacros(foo:)] This is a critial using the #logCritical macro
FAULT  2025-12-04 23:22:52.517 [Example] [main.demonstrateMacros(foo:)] This is a fault using the #logFault macro
INFO   2025-12-04 23:22:52.517 [Example] [main.demonstrateMacros(foo:)] This info message uses a custom logger
WARNG  2025-12-04 23:22:52.517 [Example] [main.demonstrateMacros(foo:)] This warning uses a custom logger
ERROR  2025-12-04 23:22:52.517 [Example] [main.demonstrateMacros(foo:)] This error uses a custom logger
INFO   2025-12-04 23:22:52.517 [Default] [Log.saveCurrentSession()] Saving diagnostics file.

--- END LOG FOR SESSION 3C80044F-6AFD-4067-A864-591DA36110D1 ---
--- LOG FOR SESSION 63DAA085-84D8-4DF9-BE3A-095566B7994D AT 2025-12-04 23:23:41.589 ---

TRACE  2025-12-04 23:23:41.587 [Example] [main.demonstrateMacros(foo:)] This is a trace message using the #logTrace macro CARD NUMBER: 1234456677
DEBUG  2025-12-04 23:23:41.588 [Example] [main.demonstrateMacros(foo:)] This is a trace message using the #logDebug macro
INFO   2025-12-04 23:23:41.588 [Example] [main.demonstrateMacros(foo:)] This is an info message using the #logInfo macro
EVENT  2025-12-04 23:23:41.588 [Example] [main.demonstrateMacros(foo:)] This is a user event message using the #logUserEvent macro
PERFR  2025-12-04 23:23:41.588 [Example] [main.demonstrateMacros(foo:)] This is a performance message using the #logPerformance macro
SCCSS  2025-12-04 23:23:41.588 [Example] [main.demonstrateMacros(foo:)] This is an success message using the #logSuccess macro
WARNG  2025-12-04 23:23:41.588 [Example] [main.demonstrateMacros(foo:)] This is a warning using the #logWarning macro
NOTICE 2025-12-04 23:23:41.588 [Example] [main.demonstrateMacros(foo:)] This is a notice using the #logNotice macro
ERROR  2025-12-04 23:23:41.588 [Example] [main.demonstrateMacros(foo:)] This is an error using the #logError macro
CRITCL 2025-12-04 23:23:41.588 [Example] [main.demonstrateMacros(foo:)] This is a critial using the #logCritical macro
FAULT  2025-12-04 23:23:41.588 [Example] [main.demonstrateMacros(foo:)] This is a fault using the #logFault macro
INFO   2025-12-04 23:23:41.588 [Example] [main.demonstrateMacros(foo:)] This info message uses a custom logger
WARNG  2025-12-04 23:23:41.588 [Example] [main.demonstrateMacros(foo:)] This warning uses a custom logger
ERROR  2025-12-04 23:23:41.588 [Example] [main.demonstrateMacros(foo:)] This error uses a custom logger
INFO   2025-12-04 23:23:41.589 [Default] [Log.saveCurrentSession()] Saving diagnostics file.

--- END LOG FOR SESSION 63DAA085-84D8-4DF9-BE3A-095566B7994D ---
--- LOG FOR SESSION A241D10F-7F99-4690-B590-E225E9DC4283 AT 2025-12-04 23:33:46.530 ---

TRACE  2025-12-04 23:33:46.528 [Example] [main.demonstrateMacros(foo:)] This is a trace message using the #logTrace macro CARD NUMBER: 1234456677
DEBUG  2025-12-04 23:33:46.529 [Example] [main.demonstrateMacros(foo:)] This is a trace message using the #logDebug macro
INFO   2025-12-04 23:33:46.529 [Example] [main.demonstrateMacros(foo:)] This is an info message using the #logInfo macro
EVENT  2025-12-04 23:33:46.529 [Example] [main.demonstrateMacros(foo:)] This is a user event message using the #logUserEvent macro
PERFR  2025-12-04 23:33:46.529 [Example] [main.demonstrateMacros(foo:)] This is a performance message using the #logPerformance macro
SCCSS  2025-12-04 23:33:46.529 [Example] [main.demonstrateMacros(foo:)] This is an success message using the #logSuccess macro
WARNG  2025-12-04 23:33:46.529 [Example] [main.demonstrateMacros(foo:)] This is a warning using the #logWarning macro
NOTICE 2025-12-04 23:33:46.529 [Example] [main.demonstrateMacros(foo:)] This is a notice using the #logNotice macro
ERROR  2025-12-04 23:33:46.529 [Example] [main.demonstrateMacros(foo:)] This is an error using the #logError macro
CRITCL 2025-12-04 23:33:46.530 [Example] [main.demonstrateMacros(foo:)] This is a critial using the #logCritical macro
FAULT  2025-12-04 23:33:46.530 [Example] [main.demonstrateMacros(foo:)] This is a fault using the #logFault macro
INFO   2025-12-04 23:33:46.530 [Example] [main.demonstrateMacros(foo:)] This info message uses a custom logger
WARNG  2025-12-04 23:33:46.530 [Example] [main.demonstrateMacros(foo:)] This warning uses a custom logger
ERROR  2025-12-04 23:33:46.530 [Example] [main.demonstrateMacros(foo:)] This error uses a custom logger
INFO   2025-12-04 23:33:46.530 [Default] [Log.saveCurrentSession()] Saving diagnostics file.

--- END LOG FOR SESSION A241D10F-7F99-4690-B590-E225E9DC4283 ---
--- LOG FOR SESSION 7422419C-72C8-4938-8A3A-0AD4F7BC93E1 AT 2025-12-04 23:34:25.537 ---

TRACE  2025-12-04 23:34:25.536 [Example] [main.demonstrateMacros(foo:)] This is a trace message using the #logTrace macro <redacted>
DEBUG  2025-12-04 23:34:25.537 [Example] [main.demonstrateMacros(foo:)] This is a trace message using the #logDebug macro
INFO   2025-12-04 23:34:25.537 [Example] [main.demonstrateMacros(foo:)] This is an info message using the #logInfo macro
EVENT  2025-12-04 23:34:25.537 [Example] [main.demonstrateMacros(foo:)] This is a user event message using the #logUserEvent macro
PERFR  2025-12-04 23:34:25.537 [Example] [main.demonstrateMacros(foo:)] This is a performance message using the #logPerformance macro
SCCSS  2025-12-04 23:34:25.537 [Example] [main.demonstrateMacros(foo:)] This is an success message using the #logSuccess macro
WARNG  2025-12-04 23:34:25.537 [Example] [main.demonstrateMacros(foo:)] This is a warning using the #logWarning macro
NOTICE 2025-12-04 23:34:25.537 [Example] [main.demonstrateMacros(foo:)] This is a notice using the #logNotice macro
ERROR  2025-12-04 23:34:25.537 [Example] [main.demonstrateMacros(foo:)] This is an error using the #logError macro
CRITCL 2025-12-04 23:34:25.537 [Example] [main.demonstrateMacros(foo:)] This is a critial using the #logCritical macro
FAULT  2025-12-04 23:34:25.537 [Example] [main.demonstrateMacros(foo:)] This is a fault using the #logFault macro
INFO   2025-12-04 23:34:25.537 [Example] [main.demonstrateMacros(foo:)] This info message uses a custom logger
WARNG  2025-12-04 23:34:25.537 [Example] [main.demonstrateMacros(foo:)] This warning uses a custom logger
ERROR  2025-12-04 23:34:25.537 [Example] [main.demonstrateMacros(foo:)] This error uses a custom logger
INFO   2025-12-04 23:34:25.537 [Default] [Log.saveCurrentSession()] Saving diagnostics file.

--- END LOG FOR SESSION 7422419C-72C8-4938-8A3A-0AD4F7BC93E1 ---
--- LOG FOR SESSION F3643B2C-16FA-4280-B9D7-1FC3E0A4BF30 AT 2025-12-04 23:36:01.028 ---

TRACE  2025-12-04 23:36:01.027 [Example] [main.demonstrateMacros(foo:)] This is a trace message using the #logTrace macro <redacted>
DEBUG  2025-12-04 23:36:01.028 [Example] [main.demonstrateMacros(foo:)] This is a trace message using the #logDebug macro
INFO   2025-12-04 23:36:01.028 [Example] [main.demonstrateMacros(foo:)] This is an info message using the #logInfo macro
EVENT  2025-12-04 23:36:01.028 [Example] [main.demonstrateMacros(foo:)] This is a user event message using the #logUserEvent macro
PERFR  2025-12-04 23:36:01.028 [Example] [main.demonstrateMacros(foo:)] This is a performance message using the #logPerformance macro
SCCSS  2025-12-04 23:36:01.028 [Example] [main.demonstrateMacros(foo:)] This is an success message using the #logSuccess macro
WARNG  2025-12-04 23:36:01.028 [Example] [main.demonstrateMacros(foo:)] This is a warning using the #logWarning macro
NOTICE 2025-12-04 23:36:01.028 [Example] [main.demonstrateMacros(foo:)] This is a notice using the #logNotice macro
ERROR  2025-12-04 23:36:01.028 [Example] [main.demonstrateMacros(foo:)] This is an error using the #logError macro
CRITCL 2025-12-04 23:36:01.028 [Example] [main.demonstrateMacros(foo:)] This is a critial using the #logCritical macro
FAULT  2025-12-04 23:36:01.028 [Example] [main.demonstrateMacros(foo:)] This is a fault using the #logFault macro
INFO   2025-12-04 23:36:01.028 [Example] [main.demonstrateMacros(foo:)] This info message uses a custom logger
WARNG  2025-12-04 23:36:01.028 [Example] [main.demonstrateMacros(foo:)] This warning uses a custom logger
ERROR  2025-12-04 23:36:01.028 [Example] [main.demonstrateMacros(foo:)] This error uses a custom logger
INFO   2025-12-04 23:36:01.028 [Default] [Log.saveCurrentSession()] Saving diagnostics file.

--- END LOG FOR SESSION F3643B2C-16FA-4280-B9D7-1FC3E0A4BF30 ---
--- LOG FOR SESSION 9C3CE621-0B1A-442A-93D7-E6BA2AECCA51 AT 2025-12-05 11:42:36.342 ---

TRACE  2025-12-05 11:42:36.341 [Example] [main.demonstrateMacros(foo:)] This is a trace message using the #logTrace macro <redacted>
DEBUG  2025-12-05 11:42:36.342 [Example] [main.demonstrateMacros(foo:)] This is a trace message using the #logDebug macro
INFO   2025-12-05 11:42:36.342 [Example] [main.demonstrateMacros(foo:)] This is an info message using the #logInfo macro
EVENT  2025-12-05 11:42:36.342 [Example] [main.demonstrateMacros(foo:)] This is a user event message using the #logUserEvent macro
PERFR  2025-12-05 11:42:36.342 [Example] [main.demonstrateMacros(foo:)] This is a performance message using the #logPerformance macro
SCCSS  2025-12-05 11:42:36.342 [Example] [main.demonstrateMacros(foo:)] This is an success message using the #logSuccess macro
WARNG  2025-12-05 11:42:36.342 [Example] [main.demonstrateMacros(foo:)] This is a warning using the #logWarning macro
NOTICE 2025-12-05 11:42:36.342 [Example] [main.demonstrateMacros(foo:)] This is a notice using the #logNotice macro
ERROR  2025-12-05 11:42:36.342 [Example] [main.demonstrateMacros(foo:)] This is an error using the #logError macro
CRITCL 2025-12-05 11:42:36.342 [Example] [main.demonstrateMacros(foo:)] This is a critial using the #logCritical macro
FAULT  2025-12-05 11:42:36.342 [Example] [main.demonstrateMacros(foo:)] This is a fault using the #logFault macro
INFO   2025-12-05 11:42:36.342 [Example] [main.demonstrateMacros(foo:)] This info message uses a custom logger
WARNG  2025-12-05 11:42:36.342 [Example] [main.demonstrateMacros(foo:)] This warning uses a custom logger
ERROR  2025-12-05 11:42:36.342 [Example] [main.demonstrateMacros(foo:)] This error uses a custom logger
INFO   2025-12-05 11:42:36.342 [Default] [Log.saveCurrentSession()] Saving diagnostics file.

--- END LOG FOR SESSION 9C3CE621-0B1A-442A-93D7-E6BA2AECCA51 ---
--- LOG FOR SESSION 9D7DCA86-BC55-4143-93A7-A265BA88078B AT 2025-12-05 15:24:28.559 ---

TRACE  2025-12-05 15:24:28.557 [Example] [main.demonstrateMacros(foo:)] This is a trace message using the #logTrace macro <redacted>
DEBUG  2025-12-05 15:24:28.559 [Example] [main.demonstrateMacros(foo:)] This is a trace message using the #logDebug macro
INFO   2025-12-05 15:24:28.559 [Example] [main.demonstrateMacros(foo:)] This is an info message using the #logInfo macro
EVENT  2025-12-05 15:24:28.559 [Example] [main.demonstrateMacros(foo:)] This is a user event message using the #logUserEvent macro
PERFR  2025-12-05 15:24:28.559 [Example] [main.demonstrateMacros(foo:)] This is a performance message using the #logPerformance macro
SCCSS  2025-12-05 15:24:28.559 [Example] [main.demonstrateMacros(foo:)] This is an success message using the #logSuccess macro
WARNG  2025-12-05 15:24:28.559 [Example] [main.demonstrateMacros(foo:)] This is a warning using the #logWarning macro
NOTICE 2025-12-05 15:24:28.559 [Example] [main.demonstrateMacros(foo:)] This is a notice using the #logNotice macro
ERROR  2025-12-05 15:24:28.559 [Example] [main.demonstrateMacros(foo:)] This is an error using the #logError macro
CRITCL 2025-12-05 15:24:28.559 [Example] [main.demonstrateMacros(foo:)] This is a critial using the #logCritical macro
FAULT  2025-12-05 15:24:28.559 [Example] [main.demonstrateMacros(foo:)] This is a fault using the #logFault macro
INFO   2025-12-05 15:24:28.559 [Example] [main.demonstrateMacros(foo:)] This info message uses a custom logger
WARNG  2025-12-05 15:24:28.559 [Example] [main.demonstrateMacros(foo:)] This warning uses a custom logger
ERROR  2025-12-05 15:24:28.559 [Example] [main.demonstrateMacros(foo:)] This error uses a custom logger
INFO   2025-12-05 15:24:28.559 [Default] [Log.saveCurrentSession()] Saving diagnostics file.

--- END LOG FOR SESSION 9D7DCA86-BC55-4143-93A7-A265BA88078B ---
--- LOG FOR SESSION 953E4492-ACFF-4F81-97A8-8DEC1DDBE344 AT 2025-12-05 16:22:24.702 ---

TRACE  2025-12-05 16:22:24.701 [Example] [main.demonstrateMacros(foo:)] This is a trace message using the #logTrace macro <redacted>
DEBUG  2025-12-05 16:22:24.701 [Example] [main.demonstrateMacros(foo:)] This is a trace message using the #logDebug macro
INFO   2025-12-05 16:22:24.701 [Example] [main.demonstrateMacros(foo:)] This is an info message using the #logInfo macro
EVENT  2025-12-05 16:22:24.701 [Example] [main.demonstrateMacros(foo:)] This is a user event message using the #logUserEvent macro
PERFR  2025-12-05 16:22:24.701 [Example] [main.demonstrateMacros(foo:)] This is a performance message using the #logPerformance macro
SCCSS  2025-12-05 16:22:24.701 [Example] [main.demonstrateMacros(foo:)] This is an success message using the #logSuccess macro
WARNG  2025-12-05 16:22:24.701 [Example] [main.demonstrateMacros(foo:)] This is a warning using the #logWarning macro
NOTICE 2025-12-05 16:22:24.701 [Example] [main.demonstrateMacros(foo:)] This is a notice using the #logNotice macro
ERROR  2025-12-05 16:22:24.701 [Example] [main.demonstrateMacros(foo:)] This is an error using the #logError macro
CRITCL 2025-12-05 16:22:24.702 [Example] [main.demonstrateMacros(foo:)] This is a critial using the #logCritical macro
FAULT  2025-12-05 16:22:24.702 [Example] [main.demonstrateMacros(foo:)] This is a fault using the #logFault macro
INFO   2025-12-05 16:22:24.702 [Example] [main.demonstrateMacros(foo:)] This info message uses a custom logger
WARNG  2025-12-05 16:22:24.702 [Example] [main.demonstrateMacros(foo:)] This warning uses a custom logger
ERROR  2025-12-05 16:22:24.702 [Example] [main.demonstrateMacros(foo:)] This error uses a custom logger
INFO   2025-12-05 16:22:24.702 [Default] [Log.saveCurrentSession()] Saving diagnostics file.

--- END LOG FOR SESSION 953E4492-ACFF-4F81-97A8-8DEC1DDBE344 ---
--- LOG FOR SESSION 696D4FE3-D232-4248-8AA3-D95054B48BF9 AT 2025-12-05 16:22:51.680 ---

TRACE  2025-12-05 16:22:51.680 [Example] [main.demonstrateMacros(foo:)] This is a trace message using the #logTrace macro <redacted>
DEBUG  2025-12-05 16:22:51.680 [Example] [main.demonstrateMacros(foo:)] This is a trace message using the #logDebug macro
INFO   2025-12-05 16:22:51.680 [Example] [main.demonstrateMacros(foo:)] This is an info message using the #logInfo macro
EVENT  2025-12-05 16:22:51.680 [Example] [main.demonstrateMacros(foo:)] This is a user event message using the #logUserEvent macro
PERFR  2025-12-05 16:22:51.680 [Example] [main.demonstrateMacros(foo:)] This is a performance message using the #logPerformance macro
SCCSS  2025-12-05 16:22:51.680 [Example] [main.demonstrateMacros(foo:)] This is an success message using the #logSuccess macro
WARNG  2025-12-05 16:22:51.680 [Example] [main.demonstrateMacros(foo:)] This is a warning using the #logWarning macro
NOTICE 2025-12-05 16:22:51.680 [Example] [main.demonstrateMacros(foo:)] This is a notice using the #logNotice macro
ERROR  2025-12-05 16:22:51.680 [Example] [main.demonstrateMacros(foo:)] This is an error using the #logError macro
CRITCL 2025-12-05 16:22:51.680 [Example] [main.demonstrateMacros(foo:)] This is a critial using the #logCritical macro
FAULT  2025-12-05 16:22:51.680 [Example] [main.demonstrateMacros(foo:)] This is a fault using the #logFault macro
INFO   2025-12-05 16:22:51.680 [Example] [main.demonstrateMacros(foo:)] This info message uses a custom logger
WARNG  2025-12-05 16:22:51.680 [Example] [main.demonstrateMacros(foo:)] This warning uses a custom logger
ERROR  2025-12-05 16:22:51.680 [Example] [main.demonstrateMacros(foo:)] This error uses a custom logger
INFO   2025-12-05 16:22:51.680 [Default] [Log.saveCurrentSession()] Saving diagnostics file.

--- END LOG FOR SESSION 696D4FE3-D232-4248-8AA3-D95054B48BF9 ---
--- LOG FOR SESSION B4E75664-726F-45D2-B0BE-96ED1ADBBA91 AT 2025-12-05 16:23:15.944 ---

TRACE  2025-12-05 16:23:15.943 [Example] [main.demonstrateMacros(foo:)] This is a trace message using the #logTrace macro <redacted>
DEBUG  2025-12-05 16:23:15.944 [Example] [main.demonstrateMacros(foo:)] This is a trace message using the #logDebug macro
INFO   2025-12-05 16:23:15.944 [Example] [main.demonstrateMacros(foo:)] This is an info message using the #logInfo macro
EVENT  2025-12-05 16:23:15.944 [Example] [main.demonstrateMacros(foo:)] This is a user event message using the #logUserEvent macro
PERFR  2025-12-05 16:23:15.944 [Example] [main.demonstrateMacros(foo:)] This is a performance message using the #logPerformance macro
SCCSS  2025-12-05 16:23:15.944 [Example] [main.demonstrateMacros(foo:)] This is an success message using the #logSuccess macro
WARNG  2025-12-05 16:23:15.944 [Example] [main.demonstrateMacros(foo:)] This is a warning using the #logWarning macro
NOTICE 2025-12-05 16:23:15.944 [Example] [main.demonstrateMacros(foo:)] This is a notice using the #logNotice macro
ERROR  2025-12-05 16:23:15.944 [Example] [main.demonstrateMacros(foo:)] This is an error using the #logError macro
CRITCL 2025-12-05 16:23:15.944 [Example] [main.demonstrateMacros(foo:)] This is a critial using the #logCritical macro
FAULT  2025-12-05 16:23:15.944 [Example] [main.demonstrateMacros(foo:)] This is a fault using the #logFault macro
INFO   2025-12-05 16:23:15.944 [Example] [main.demonstrateMacros(foo:)] This info message uses a custom logger
WARNG  2025-12-05 16:23:15.944 [Example] [main.demonstrateMacros(foo:)] This warning uses a custom logger
ERROR  2025-12-05 16:23:15.944 [Example] [main.demonstrateMacros(foo:)] This error uses a custom logger
INFO   2025-12-05 16:23:15.944 [Default] [Log.saveCurrentSession()] Saving diagnostics file.

--- END LOG FOR SESSION B4E75664-726F-45D2-B0BE-96ED1ADBBA91 ---
--- LOG FOR SESSION 2275419B-6A96-4477-A6D5-7A2685EDDA95 AT 2025-12-05 16:51:04.807 ---

DEBUG  2025-12-05 16:51:04.806 [Example] [main.demonstrateMacros(foo:)] This is a trace message using the #logDebug macro
INFO   2025-12-05 16:51:04.807 [Example] [main.demonstrateMacros(foo:)] This is an info message using the #logInfo macro
EVENT  2025-12-05 16:51:04.807 [Example] [main.demonstrateMacros(foo:)] This is a user event message using the #logUserEvent macro
PERFR  2025-12-05 16:51:04.807 [Example] [main.demonstrateMacros(foo:)] This is a performance message using the #logPerformance macro
SCCSS  2025-12-05 16:51:04.807 [Example] [main.demonstrateMacros(foo:)] This is an success message using the #logSuccess macro
WARNG  2025-12-05 16:51:04.807 [Example] [main.demonstrateMacros(foo:)] This is a warning using the #logWarning macro
NOTICE 2025-12-05 16:51:04.807 [Example] [main.demonstrateMacros(foo:)] This is a notice using the #logNotice macro
ERROR  2025-12-05 16:51:04.807 [Example] [main.demonstrateMacros(foo:)] This is an error using the #logError macro
CRITCL 2025-12-05 16:51:04.807 [Example] [main.demonstrateMacros(foo:)] This is a critial using the #logCritical macro
FAULT  2025-12-05 16:51:04.807 [Example] [main.demonstrateMacros(foo:)] This is a fault using the #logFault macro
INFO   2025-12-05 16:51:04.807 [Example] [main.demonstrateMacros(foo:)] This info message uses a custom logger
WARNG  2025-12-05 16:51:04.807 [Example] [main.demonstrateMacros(foo:)] This warning uses a custom logger
ERROR  2025-12-05 16:51:04.807 [Example] [main.demonstrateMacros(foo:)] This error uses a custom logger
INFO   2025-12-05 16:51:04.807 [Default] [Log.saveCurrentSession()] Saving diagnostics file.

--- END LOG FOR SESSION 2275419B-6A96-4477-A6D5-7A2685EDDA95 ---
--- LOG FOR SESSION 84B91F77-FC76-4EAD-9D04-76956EBEC6A8 AT 2025-12-05 17:16:36.149 ---

TRACE  2025-12-05 17:16:36.138 [Example] [main.demonstrateMacros(foo:)] This is a trace message using the #logTrace macro <redacted>
DEBUG  2025-12-05 17:16:36.139 [Example] [main.demonstrateMacros(foo:)] This is a trace message using the #logDebug macro
INFO   2025-12-05 17:16:36.139 [Example] [main.demonstrateMacros(foo:)] This is an info message using the #logInfo macro
EVENT  2025-12-05 17:16:36.139 [Example] [main.demonstrateMacros(foo:)] This is a user event message using the #logUserEvent macro
PERFR  2025-12-05 17:16:36.139 [Example] [main.demonstrateMacros(foo:)] This is a performance message using the #logPerformance macro
SCCSS  2025-12-05 17:16:36.139 [Example] [main.demonstrateMacros(foo:)] This is an success message using the #logSuccess macro
WARNG  2025-12-05 17:16:36.139 [Example] [main.demonstrateMacros(foo:)] This is a warning using the #logWarning macro
NOTICE 2025-12-05 17:16:36.149 [Example] [main.demonstrateMacros(foo:)] This is a notice using the #logNotice macro
ERROR  2025-12-05 17:16:36.149 [Example] [main.demonstrateMacros(foo:)] This is an error using the #logError macro
CRITCL 2025-12-05 17:16:36.149 [Example] [main.demonstrateMacros(foo:)] This is a critial using the #logCritical macro
FAULT  2025-12-05 17:16:36.149 [Example] [main.demonstrateMacros(foo:)] This is a fault using the #logFault macro
INFO   2025-12-05 17:16:36.149 [Example] [main.demonstrateMacros(foo:)] This info message uses a custom logger
WARNG  2025-12-05 17:16:36.149 [Example] [main.demonstrateMacros(foo:)] This warning uses a custom logger
ERROR  2025-12-05 17:16:36.149 [Example] [main.demonstrateMacros(foo:)] This error uses a custom logger
INFO   2025-12-05 17:16:36.149 [Default] [Log.saveCurrentSession()] Saving diagnostics file.

--- END LOG FOR SESSION 84B91F77-FC76-4EAD-9D04-76956EBEC6A8 ---
--- LOG FOR SESSION ACBDE96F-651C-4B22-B42A-A9B3EEEA6EDD AT 2025-12-05 17:16:59.958 ---

TRACE  2025-12-05 17:16:59.957 [Default] [main.demonstrateMacros(foo:)] This is a trace message using the #logTrace macro <redacted>
DEBUG  2025-12-05 17:16:59.958 [Default] [main.demonstrateMacros(foo:)] This is a trace message using the #logDebug macro
INFO   2025-12-05 17:16:59.958 [Default] [main.demonstrateMacros(foo:)] This is an info message using the #logInfo macro
EVENT  2025-12-05 17:16:59.958 [Default] [main.demonstrateMacros(foo:)] This is a user event message using the #logUserEvent macro
PERFR  2025-12-05 17:16:59.958 [Default] [main.demonstrateMacros(foo:)] This is a performance message using the #logPerformance macro
SCCSS  2025-12-05 17:16:59.958 [Default] [main.demonstrateMacros(foo:)] This is an success message using the #logSuccess macro
WARNG  2025-12-05 17:16:59.958 [Default] [main.demonstrateMacros(foo:)] This is a warning using the #logWarning macro
NOTICE 2025-12-05 17:16:59.958 [Default] [main.demonstrateMacros(foo:)] This is a notice using the #logNotice macro
ERROR  2025-12-05 17:16:59.958 [Default] [main.demonstrateMacros(foo:)] This is an error using the #logError macro
CRITCL 2025-12-05 17:16:59.958 [Default] [main.demonstrateMacros(foo:)] This is a critial using the #logCritical macro
FAULT  2025-12-05 17:16:59.958 [Default] [main.demonstrateMacros(foo:)] This is a fault using the #logFault macro
INFO   2025-12-05 17:16:59.958 [Default] [main.demonstrateMacros(foo:)] This info message uses a custom logger
WARNG  2025-12-05 17:16:59.958 [Default] [main.demonstrateMacros(foo:)] This warning uses a custom logger
ERROR  2025-12-05 17:16:59.958 [Default] [main.demonstrateMacros(foo:)] This error uses a custom logger
INFO   2025-12-05 17:16:59.958 [Default] [Log.saveCurrentSession()] Saving diagnostics file.

--- END LOG FOR SESSION ACBDE96F-651C-4B22-B42A-A9B3EEEA6EDD ---
--- LOG FOR SESSION 0F25B7A4-9563-41FD-8ED4-B6D883EA3B63 AT 2025-12-05 19:56:10.848 ---

TRACE  2025-12-05 19:56:10.846 [Default] [main.demonstrateMacros(foo:)] This is a trace message using the #logTrace macro <redacted>
DEBUG  2025-12-05 19:56:10.847 [Default] [main.demonstrateMacros(foo:)] This is a trace message using the #logDebug macro
INFO   2025-12-05 19:56:10.847 [Default] [main.demonstrateMacros(foo:)] This is an info message using the #logInfo macro
EVENT  2025-12-05 19:56:10.847 [Default] [main.demonstrateMacros(foo:)] This is a user event message using the #logUserEvent macro
PERFR  2025-12-05 19:56:10.847 [Default] [main.demonstrateMacros(foo:)] This is a performance message using the #logPerformance macro
SCCSS  2025-12-05 19:56:10.847 [Default] [main.demonstrateMacros(foo:)] This is an success message using the #logSuccess macro
WARNG  2025-12-05 19:56:10.847 [Default] [main.demonstrateMacros(foo:)] This is a warning using the #logWarning macro
NOTICE 2025-12-05 19:56:10.848 [Default] [main.demonstrateMacros(foo:)] This is a notice using the #logNotice macro
ERROR  2025-12-05 19:56:10.848 [Default] [main.demonstrateMacros(foo:)] This is an error using the #logError macro
CRITCL 2025-12-05 19:56:10.848 [Default] [main.demonstrateMacros(foo:)] This is a critial using the #logCritical macro
FAULT  2025-12-05 19:56:10.848 [Default] [main.demonstrateMacros(foo:)] This is a fault using the #logFault macro
INFO   2025-12-05 19:56:10.848 [Default] [main.demonstrateMacros(foo:)] This info message uses a custom logger
WARNG  2025-12-05 19:56:10.848 [Default] [main.demonstrateMacros(foo:)] This warning uses a custom logger
ERROR  2025-12-05 19:56:10.848 [Default] [main.demonstrateMacros(foo:)] This error uses a custom logger
INFO   2025-12-05 19:56:10.848 [Default] [Log.saveCurrentSession()] Saving diagnostics file.

--- END LOG FOR SESSION 0F25B7A4-9563-41FD-8ED4-B6D883EA3B63 ---
--- LOG FOR SESSION 27AFBC43-8C95-4288-AF7B-96EA07489606 AT 2025-12-05 19:56:41.197 ---

TRACE  2025-12-05 19:56:41.196 [Example] [main.demonstrateMacros(foo:)] This is a trace message using the #logTrace macro <redacted>
DEBUG  2025-12-05 19:56:41.197 [Example] [main.demonstrateMacros(foo:)] This is a trace message using the #logDebug macro
INFO   2025-12-05 19:56:41.197 [Example] [main.demonstrateMacros(foo:)] This is an info message using the #logInfo macro
EVENT  2025-12-05 19:56:41.197 [Example] [main.demonstrateMacros(foo:)] This is a user event message using the #logUserEvent macro
PERFR  2025-12-05 19:56:41.197 [Example] [main.demonstrateMacros(foo:)] This is a performance message using the #logPerformance macro
SCCSS  2025-12-05 19:56:41.197 [Example] [main.demonstrateMacros(foo:)] This is an success message using the #logSuccess macro
WARNG  2025-12-05 19:56:41.197 [Example] [main.demonstrateMacros(foo:)] This is a warning using the #logWarning macro
NOTICE 2025-12-05 19:56:41.197 [Example] [main.demonstrateMacros(foo:)] This is a notice using the #logNotice macro
ERROR  2025-12-05 19:56:41.197 [Example] [main.demonstrateMacros(foo:)] This is an error using the #logError macro
CRITCL 2025-12-05 19:56:41.197 [Example] [main.demonstrateMacros(foo:)] This is a critial using the #logCritical macro
FAULT  2025-12-05 19:56:41.197 [Example] [main.demonstrateMacros(foo:)] This is a fault using the #logFault macro
INFO   2025-12-05 19:56:41.197 [Example] [main.demonstrateMacros(foo:)] This info message uses a custom logger
WARNG  2025-12-05 19:56:41.197 [Example] [main.demonstrateMacros(foo:)] This warning uses a custom logger
ERROR  2025-12-05 19:56:41.197 [Example] [main.demonstrateMacros(foo:)] This error uses a custom logger
INFO   2025-12-05 19:56:41.197 [Default] [Log.saveCurrentSession()] Saving diagnostics file.

--- END LOG FOR SESSION 27AFBC43-8C95-4288-AF7B-96EA07489606 ---
--- LOG FOR SESSION 17AC0BEA-5565-4031-B697-7673A20A1A16 AT 2025-12-05 19:57:07.636 ---

TRACE  2025-12-05 19:57:07.634 [Example] [main.demonstrateMacros(foo:)] This is a trace message using the #logTrace macro <redacted>
DEBUG  2025-12-05 19:57:07.636 [Example] [main.demonstrateMacros(foo:)] This is a trace message using the #logDebug macro
INFO   2025-12-05 19:57:07.636 [Example] [main.demonstrateMacros(foo:)] This is an info message using the #logInfo macro
EVENT  2025-12-05 19:57:07.636 [Example] [main.demonstrateMacros(foo:)] This is a user event message using the #logUserEvent macro
PERFR  2025-12-05 19:57:07.636 [Example] [main.demonstrateMacros(foo:)] This is a performance message using the #logPerformance macro
SCCSS  2025-12-05 19:57:07.636 [Example] [main.demonstrateMacros(foo:)] This is an success message using the #logSuccess macro
WARNG  2025-12-05 19:57:07.636 [Example] [main.demonstrateMacros(foo:)] This is a warning using the #logWarning macro
NOTICE 2025-12-05 19:57:07.636 [Example] [main.demonstrateMacros(foo:)] This is a notice using the #logNotice macro
ERROR  2025-12-05 19:57:07.636 [Example] [main.demonstrateMacros(foo:)] This is an error using the #logError macro
CRITCL 2025-12-05 19:57:07.636 [Example] [main.demonstrateMacros(foo:)] This is a critial using the #logCritical macro
FAULT  2025-12-05 19:57:07.636 [Example] [main.demonstrateMacros(foo:)] This is a fault using the #logFault macro
INFO   2025-12-05 19:57:07.636 [Example] [main.demonstrateMacros(foo:)] This info message uses a custom logger
WARNG  2025-12-05 19:57:07.636 [Example] [main.demonstrateMacros(foo:)] This warning uses a custom logger
ERROR  2025-12-05 19:57:07.636 [Example] [main.demonstrateMacros(foo:)] This error uses a custom logger
INFO   2025-12-05 19:57:07.636 [Default] [Log.saveCurrentSession()] Saving diagnostics file.

--- END LOG FOR SESSION 17AC0BEA-5565-4031-B697-7673A20A1A16 ---
