--- LOG FOR SESSION AB9038F2-073E-47C4-BB70-23EF60FC5DE3 AT 2025-12-14 17:40:16.653 ---

INFO   2025-12-14 17:40:16.652 [Default]  HELLO FROM WINDOWS!
TRACE  2025-12-14 17:40:16.653 [Example]  This is a trace message using the #logTrace macro CARD NUMBER: 1234456677
DEBUG  2025-12-14 17:40:16.653 [Example]  This is a trace message using the #logDebug macro
INFO   2025-12-14 17:40:16.653 [Example]  This is an info message using the #logInfo macro
EVENT  2025-12-14 17:40:16.653 [Example]  This is a user event message using the #logUserEvent macro
PERFR  2025-12-14 17:40:16.653 [Example]  This is a performance message using the #logPerformance macro
SCCSS  2025-12-14 17:40:16.653 [Example]  This is an success message using the #logSuccess macro
WARNG  2025-12-14 17:40:16.653 [Example]  This is a warning using the #logWarning macro
NOTICE 2025-12-14 17:40:16.653 [Example]  This is a notice using the #logNotice macro
ERROR  2025-12-14 17:40:16.653 [Example]  This is an error using the #logError macro
CRITCL 2025-12-14 17:40:16.653 [Example]  This is a critial using the #logCritical macro
FAULT  2025-12-14 17:40:16.653 [Example]  This is a fault using the #logFault macro
INFO   2025-12-14 17:40:16.653 [Example]  This info message uses a custom logger
WARNG  2025-12-14 17:40:16.653 [Example]  This warning uses a custom logger
ERROR  2025-12-14 17:40:16.653 [Example]  This error uses a custom logger

--- END LOG FOR SESSION AB9038F2-073E-47C4-BB70-23EF60FC5DE3 ---
--- LOG FOR SESSION AB9038F2-073E-47C4-BB70-23EF60FC5DE3 AT 2025-12-14 17:40:16.656 ---

INFO   2025-12-14 17:40:16.652 [Default]  HELLO FROM WINDOWS!
TRACE  2025-12-14 17:40:16.653 [Example]  This is a trace message using the #logTrace macro CARD NUMBER: 1234456677
DEBUG  2025-12-14 17:40:16.653 [Example]  This is a trace message using the #logDebug macro
INFO   2025-12-14 17:40:16.653 [Example]  This is an info message using the #logInfo macro
EVENT  2025-12-14 17:40:16.653 [Example]  This is a user event message using the #logUserEvent macro
PERFR  2025-12-14 17:40:16.653 [Example]  This is a performance message using the #logPerformance macro
SCCSS  2025-12-14 17:40:16.653 [Example]  This is an success message using the #logSuccess macro
WARNG  2025-12-14 17:40:16.653 [Example]  This is a warning using the #logWarning macro
NOTICE 2025-12-14 17:40:16.653 [Example]  This is a notice using the #logNotice macro
ERROR  2025-12-14 17:40:16.653 [Example]  This is an error using the #logError macro
CRITCL 2025-12-14 17:40:16.653 [Example]  This is a critial using the #logCritical macro
FAULT  2025-12-14 17:40:16.653 [Example]  This is a fault using the #logFault macro
INFO   2025-12-14 17:40:16.653 [Example]  This info message uses a custom logger
WARNG  2025-12-14 17:40:16.653 [Example]  This warning uses a custom logger
ERROR  2025-12-14 17:40:16.653 [Example]  This error uses a custom logger

--- END LOG FOR SESSION AB9038F2-073E-47C4-BB70-23EF60FC5DE3 ---
--- LOG FOR SESSION DDC13C17-D901-427F-AB9C-88F23312D42E AT 2025-12-14 17:41:59.839 ---

INFO   2025-12-14 17:41:59.838 [Default]  HELLO FROM WINDOWS!
TRACE  2025-12-14 17:41:59.839 [Example]  This is a trace message using the #logTrace macro CARD NUMBER: 1234456677
DEBUG  2025-12-14 17:41:59.839 [Example]  This is a trace message using the #logDebug macro
INFO   2025-12-14 17:41:59.839 [Example]  This is an info message using the #logInfo macro
EVENT  2025-12-14 17:41:59.839 [Example]  This is a user event message using the #logUserEvent macro
PERFR  2025-12-14 17:41:59.839 [Example]  This is a performance message using the #logPerformance macro
SCCSS  2025-12-14 17:41:59.839 [Example]  This is an success message using the #logSuccess macro
WARNG  2025-12-14 17:41:59.839 [Example]  This is a warning using the #logWarning macro
NOTICE 2025-12-14 17:41:59.839 [Example]  This is a notice using the #logNotice macro
ERROR  2025-12-14 17:41:59.839 [Example]  This is an error using the #logError macro
CRITCL 2025-12-14 17:41:59.839 [Example]  This is a critial using the #logCritical macro
FAULT  2025-12-14 17:41:59.839 [Example]  This is a fault using the #logFault macro
INFO   2025-12-14 17:41:59.839 [Example]  This info message uses a custom logger
WARNG  2025-12-14 17:41:59.839 [Example]  This warning uses a custom logger
ERROR  2025-12-14 17:41:59.839 [Example]  This error uses a custom logger

--- END LOG FOR SESSION DDC13C17-D901-427F-AB9C-88F23312D42E ---
--- LOG FOR SESSION DDC13C17-D901-427F-AB9C-88F23312D42E AT 2025-12-14 17:41:59.840 ---

INFO   2025-12-14 17:41:59.838 [Default]  HELLO FROM WINDOWS!
TRACE  2025-12-14 17:41:59.839 [Example]  This is a trace message using the #logTrace macro CARD NUMBER: 1234456677
DEBUG  2025-12-14 17:41:59.839 [Example]  This is a trace message using the #logDebug macro
INFO   2025-12-14 17:41:59.839 [Example]  This is an info message using the #logInfo macro
EVENT  2025-12-14 17:41:59.839 [Example]  This is a user event message using the #logUserEvent macro
PERFR  2025-12-14 17:41:59.839 [Example]  This is a performance message using the #logPerformance macro
SCCSS  2025-12-14 17:41:59.839 [Example]  This is an success message using the #logSuccess macro
WARNG  2025-12-14 17:41:59.839 [Example]  This is a warning using the #logWarning macro
NOTICE 2025-12-14 17:41:59.839 [Example]  This is a notice using the #logNotice macro
ERROR  2025-12-14 17:41:59.839 [Example]  This is an error using the #logError macro
CRITCL 2025-12-14 17:41:59.839 [Example]  This is a critial using the #logCritical macro
FAULT  2025-12-14 17:41:59.839 [Example]  This is a fault using the #logFault macro
INFO   2025-12-14 17:41:59.839 [Example]  This info message uses a custom logger
WARNG  2025-12-14 17:41:59.839 [Example]  This warning uses a custom logger
ERROR  2025-12-14 17:41:59.839 [Example]  This error uses a custom logger

--- END LOG FOR SESSION DDC13C17-D901-427F-AB9C-88F23312D42E ---
--- LOG FOR SESSION AAB72024-4241-44E8-A4D3-8D791D93DDC1 AT 2025-12-14 17:46:45.588 ---

INFO   2025-12-14 17:46:45.588 [Default]  HELLO FROM WINDOWS!
TRACE  2025-12-14 17:46:45.588 [Example]  This is a trace message using the #logTrace macro CARD NUMBER: 1234456677
DEBUG  2025-12-14 17:46:45.588 [Example]  This is a trace message using the #logDebug macro
INFO   2025-12-14 17:46:45.588 [Example]  This is an info message using the #logInfo macro
EVENT  2025-12-14 17:46:45.588 [Example]  This is a user event message using the #logUserEvent macro
PERFR  2025-12-14 17:46:45.588 [Example]  This is a performance message using the #logPerformance macro
SCCSS  2025-12-14 17:46:45.588 [Example]  This is an success message using the #logSuccess macro
WARNG  2025-12-14 17:46:45.588 [Example]  This is a warning using the #logWarning macro
NOTICE 2025-12-14 17:46:45.588 [Example]  This is a notice using the #logNotice macro
ERROR  2025-12-14 17:46:45.588 [Example]  This is an error using the #logError macro
CRITCL 2025-12-14 17:46:45.588 [Example]  This is a critial using the #logCritical macro
FAULT  2025-12-14 17:46:45.588 [Example]  This is a fault using the #logFault macro
INFO   2025-12-14 17:46:45.588 [Example]  This info message uses a custom logger
WARNG  2025-12-14 17:46:45.588 [Example]  This warning uses a custom logger
ERROR  2025-12-14 17:46:45.588 [Example]  This error uses a custom logger

--- END LOG FOR SESSION AAB72024-4241-44E8-A4D3-8D791D93DDC1 ---
--- LOG FOR SESSION AAB72024-4241-44E8-A4D3-8D791D93DDC1 AT 2025-12-14 17:46:45.589 ---

INFO   2025-12-14 17:46:45.588 [Default]  HELLO FROM WINDOWS!
TRACE  2025-12-14 17:46:45.588 [Example]  This is a trace message using the #logTrace macro CARD NUMBER: 1234456677
DEBUG  2025-12-14 17:46:45.588 [Example]  This is a trace message using the #logDebug macro
INFO   2025-12-14 17:46:45.588 [Example]  This is an info message using the #logInfo macro
EVENT  2025-12-14 17:46:45.588 [Example]  This is a user event message using the #logUserEvent macro
PERFR  2025-12-14 17:46:45.588 [Example]  This is a performance message using the #logPerformance macro
SCCSS  2025-12-14 17:46:45.588 [Example]  This is an success message using the #logSuccess macro
WARNG  2025-12-14 17:46:45.588 [Example]  This is a warning using the #logWarning macro
NOTICE 2025-12-14 17:46:45.588 [Example]  This is a notice using the #logNotice macro
ERROR  2025-12-14 17:46:45.588 [Example]  This is an error using the #logError macro
CRITCL 2025-12-14 17:46:45.588 [Example]  This is a critial using the #logCritical macro
FAULT  2025-12-14 17:46:45.588 [Example]  This is a fault using the #logFault macro
INFO   2025-12-14 17:46:45.588 [Example]  This info message uses a custom logger
WARNG  2025-12-14 17:46:45.588 [Example]  This warning uses a custom logger
ERROR  2025-12-14 17:46:45.588 [Example]  This error uses a custom logger

--- END LOG FOR SESSION AAB72024-4241-44E8-A4D3-8D791D93DDC1 ---
--- LOG FOR SESSION B8C2BFFC-F238-4384-A5F4-2362E0B94660 AT 2025-12-14 17:48:55.247 ---

INFO   2025-12-14 17:48:55.245 [Default]  HELLO FROM WINDOWS!
TRACE  2025-12-14 17:48:55.245 [Timeline]  Entering render function, initializing timeline components
TRACE  2025-12-14 17:48:55.245 [Day Renderer]  Rendering day with index 0
TRACE  2025-12-14 17:48:55.245 [Day Renderer]  Rendering day with index 1
TRACE  2025-12-14 17:48:55.245 [Day Renderer]  Rendering day with index 2
TRACE  2025-12-14 17:48:55.245 [Day Renderer]  Rendering day with index 3
TRACE  2025-12-14 17:48:55.245 [Day Renderer]  Rendering day with index 4
TRACE  2025-12-14 17:48:55.246 [Day Renderer]  Rendering day with index 5
TRACE  2025-12-14 17:48:55.246 [Day Renderer]  Rendering day with index 6
TRACE  2025-12-14 17:48:55.246 [Day Renderer]  Rendering day with index 7
TRACE  2025-12-14 17:48:55.246 [Day Renderer]  Rendering day with index 8
TRACE  2025-12-14 17:48:55.246 [Day Renderer]  Rendering day with index 9
TRACE  2025-12-14 17:48:55.246 [Day Renderer]  Rendering day with index 10
DEBUG  2025-12-14 17:48:55.246 [Timeline]  Timeline data loaded: 42 events found
INFO   2025-12-14 17:48:55.246 [Timeline]  Rendering timeline view for user dashboard
WARNG  2025-12-14 17:48:55.246 [Timeline]  Timeline cache is nearly full, consider clearing old entries
CRITCL 2025-12-14 17:48:55.246 [Timeline]  Timeline renderer failed: memory allocation failed
FAULT  2025-12-14 17:48:55.246 [Timeline]  System fault detected: divide by zero, universe is collapsing
TRACE  2025-12-14 17:48:55.246 [Example]  This is a trace message using the #logTrace macro CARD NUMBER: 1234456677
DEBUG  2025-12-14 17:48:55.246 [Example]  This is a trace message using the #logDebug macro
INFO   2025-12-14 17:48:55.246 [Example]  This is an info message using the #logInfo macro
EVENT  2025-12-14 17:48:55.246 [Example]  This is a user event message using the #logUserEvent macro
PERFR  2025-12-14 17:48:55.246 [Example]  This is a performance message using the #logPerformance macro
SCCSS  2025-12-14 17:48:55.246 [Example]  This is an success message using the #logSuccess macro
WARNG  2025-12-14 17:48:55.246 [Example]  This is a warning using the #logWarning macro
NOTICE 2025-12-14 17:48:55.246 [Example]  This is a notice using the #logNotice macro
ERROR  2025-12-14 17:48:55.246 [Example]  This is an error using the #logError macro
CRITCL 2025-12-14 17:48:55.246 [Example]  This is a critial using the #logCritical macro
FAULT  2025-12-14 17:48:55.246 [Example]  This is a fault using the #logFault macro
INFO   2025-12-14 17:48:55.246 [Example]  This info message uses a custom logger
WARNG  2025-12-14 17:48:55.247 [Example]  This warning uses a custom logger
ERROR  2025-12-14 17:48:55.247 [Example]  This error uses a custom logger

--- END LOG FOR SESSION B8C2BFFC-F238-4384-A5F4-2362E0B94660 ---
--- LOG FOR SESSION B8C2BFFC-F238-4384-A5F4-2362E0B94660 AT 2025-12-14 17:48:55.247 ---

INFO   2025-12-14 17:48:55.245 [Default]  HELLO FROM WINDOWS!
TRACE  2025-12-14 17:48:55.245 [Timeline]  Entering render function, initializing timeline components
TRACE  2025-12-14 17:48:55.245 [Day Renderer]  Rendering day with index 0
TRACE  2025-12-14 17:48:55.245 [Day Renderer]  Rendering day with index 1
TRACE  2025-12-14 17:48:55.245 [Day Renderer]  Rendering day with index 2
TRACE  2025-12-14 17:48:55.245 [Day Renderer]  Rendering day with index 3
TRACE  2025-12-14 17:48:55.245 [Day Renderer]  Rendering day with index 4
TRACE  2025-12-14 17:48:55.246 [Day Renderer]  Rendering day with index 5
TRACE  2025-12-14 17:48:55.246 [Day Renderer]  Rendering day with index 6
TRACE  2025-12-14 17:48:55.246 [Day Renderer]  Rendering day with index 7
TRACE  2025-12-14 17:48:55.246 [Day Renderer]  Rendering day with index 8
TRACE  2025-12-14 17:48:55.246 [Day Renderer]  Rendering day with index 9
TRACE  2025-12-14 17:48:55.246 [Day Renderer]  Rendering day with index 10
DEBUG  2025-12-14 17:48:55.246 [Timeline]  Timeline data loaded: 42 events found
INFO   2025-12-14 17:48:55.246 [Timeline]  Rendering timeline view for user dashboard
WARNG  2025-12-14 17:48:55.246 [Timeline]  Timeline cache is nearly full, consider clearing old entries
CRITCL 2025-12-14 17:48:55.246 [Timeline]  Timeline renderer failed: memory allocation failed
FAULT  2025-12-14 17:48:55.246 [Timeline]  System fault detected: divide by zero, universe is collapsing
TRACE  2025-12-14 17:48:55.246 [Example]  This is a trace message using the #logTrace macro CARD NUMBER: 1234456677
DEBUG  2025-12-14 17:48:55.246 [Example]  This is a trace message using the #logDebug macro
INFO   2025-12-14 17:48:55.246 [Example]  This is an info message using the #logInfo macro
EVENT  2025-12-14 17:48:55.246 [Example]  This is a user event message using the #logUserEvent macro
PERFR  2025-12-14 17:48:55.246 [Example]  This is a performance message using the #logPerformance macro
SCCSS  2025-12-14 17:48:55.246 [Example]  This is an success message using the #logSuccess macro
WARNG  2025-12-14 17:48:55.246 [Example]  This is a warning using the #logWarning macro
NOTICE 2025-12-14 17:48:55.246 [Example]  This is a notice using the #logNotice macro
ERROR  2025-12-14 17:48:55.246 [Example]  This is an error using the #logError macro
CRITCL 2025-12-14 17:48:55.246 [Example]  This is a critial using the #logCritical macro
FAULT  2025-12-14 17:48:55.246 [Example]  This is a fault using the #logFault macro
INFO   2025-12-14 17:48:55.246 [Example]  This info message uses a custom logger
WARNG  2025-12-14 17:48:55.247 [Example]  This warning uses a custom logger
ERROR  2025-12-14 17:48:55.247 [Example]  This error uses a custom logger

--- END LOG FOR SESSION B8C2BFFC-F238-4384-A5F4-2362E0B94660 ---
--- LOG FOR SESSION 946C2182-10F8-4592-944C-23CEBFCB88D2 AT 2025-12-14 17:58:31.285 ---

INFO   2025-12-14 17:58:31.283 [Default]  HELLO FROM WINDOWS!
TRACE  2025-12-14 17:58:31.283 [Timeline]  Entering render function, initializing timeline components
TRACE  2025-12-14 17:58:31.284 [Day Renderer]  Rendering day with index 0
TRACE  2025-12-14 17:58:31.284 [Day Renderer]  Rendering day with index 1
TRACE  2025-12-14 17:58:31.284 [Day Renderer]  Rendering day with index 2
TRACE  2025-12-14 17:58:31.284 [Day Renderer]  Rendering day with index 3
TRACE  2025-12-14 17:58:31.284 [Day Renderer]  Rendering day with index 4
TRACE  2025-12-14 17:58:31.284 [Day Renderer]  Rendering day with index 5
TRACE  2025-12-14 17:58:31.284 [Day Renderer]  Rendering day with index 6
TRACE  2025-12-14 17:58:31.284 [Day Renderer]  Rendering day with index 7
TRACE  2025-12-14 17:58:31.284 [Day Renderer]  Rendering day with index 8
TRACE  2025-12-14 17:58:31.284 [Day Renderer]  Rendering day with index 9
TRACE  2025-12-14 17:58:31.284 [Day Renderer]  Rendering day with index 10
DEBUG  2025-12-14 17:58:31.284 [Timeline]  Timeline data loaded: 42 events found
INFO   2025-12-14 17:58:31.284 [Timeline]  Rendering timeline view for user dashboard
WARNG  2025-12-14 17:58:31.284 [Timeline]  Timeline cache is nearly full, consider clearing old entries
CRITCL 2025-12-14 17:58:31.284 [Timeline]  Timeline renderer failed: memory allocation failed
FAULT  2025-12-14 17:58:31.284 [Timeline]  System fault detected: divide by zero, universe is collapsing
TRACE  2025-12-14 17:58:31.284 [Example]  This is a trace message using the #logTrace macro CARD NUMBER: 1234456677
DEBUG  2025-12-14 17:58:31.285 [Example]  This is a trace message using the #logDebug macro
INFO   2025-12-14 17:58:31.285 [Example]  This is an info message using the #logInfo macro
EVENT  2025-12-14 17:58:31.285 [Example]  This is a user event message using the #logUserEvent macro
PERFR  2025-12-14 17:58:31.285 [Example]  This is a performance message using the #logPerformance macro
SCCSS  2025-12-14 17:58:31.285 [Example]  This is an success message using the #logSuccess macro
WARNG  2025-12-14 17:58:31.285 [Example]  This is a warning using the #logWarning macro
NOTICE 2025-12-14 17:58:31.285 [Example]  This is a notice using the #logNotice macro
ERROR  2025-12-14 17:58:31.285 [Example]  This is an error using the #logError macro
CRITCL 2025-12-14 17:58:31.285 [Example]  This is a critial using the #logCritical macro
FAULT  2025-12-14 17:58:31.285 [Example]  This is a fault using the #logFault macro
INFO   2025-12-14 17:58:31.285 [Example]  This info message uses a custom logger
WARNG  2025-12-14 17:58:31.285 [Example]  This warning uses a custom logger
ERROR  2025-12-14 17:58:31.285 [Example]  This error uses a custom logger

--- END LOG FOR SESSION 946C2182-10F8-4592-944C-23CEBFCB88D2 ---
--- LOG FOR SESSION 946C2182-10F8-4592-944C-23CEBFCB88D2 AT 2025-12-14 17:58:31.286 ---

INFO   2025-12-14 17:58:31.283 [Default]  HELLO FROM WINDOWS!
TRACE  2025-12-14 17:58:31.283 [Timeline]  Entering render function, initializing timeline components
TRACE  2025-12-14 17:58:31.284 [Day Renderer]  Rendering day with index 0
TRACE  2025-12-14 17:58:31.284 [Day Renderer]  Rendering day with index 1
TRACE  2025-12-14 17:58:31.284 [Day Renderer]  Rendering day with index 2
TRACE  2025-12-14 17:58:31.284 [Day Renderer]  Rendering day with index 3
TRACE  2025-12-14 17:58:31.284 [Day Renderer]  Rendering day with index 4
TRACE  2025-12-14 17:58:31.284 [Day Renderer]  Rendering day with index 5
TRACE  2025-12-14 17:58:31.284 [Day Renderer]  Rendering day with index 6
TRACE  2025-12-14 17:58:31.284 [Day Renderer]  Rendering day with index 7
TRACE  2025-12-14 17:58:31.284 [Day Renderer]  Rendering day with index 8
TRACE  2025-12-14 17:58:31.284 [Day Renderer]  Rendering day with index 9
TRACE  2025-12-14 17:58:31.284 [Day Renderer]  Rendering day with index 10
DEBUG  2025-12-14 17:58:31.284 [Timeline]  Timeline data loaded: 42 events found
INFO   2025-12-14 17:58:31.284 [Timeline]  Rendering timeline view for user dashboard
WARNG  2025-12-14 17:58:31.284 [Timeline]  Timeline cache is nearly full, consider clearing old entries
CRITCL 2025-12-14 17:58:31.284 [Timeline]  Timeline renderer failed: memory allocation failed
FAULT  2025-12-14 17:58:31.284 [Timeline]  System fault detected: divide by zero, universe is collapsing
TRACE  2025-12-14 17:58:31.284 [Example]  This is a trace message using the #logTrace macro CARD NUMBER: 1234456677
DEBUG  2025-12-14 17:58:31.285 [Example]  This is a trace message using the #logDebug macro
INFO   2025-12-14 17:58:31.285 [Example]  This is an info message using the #logInfo macro
EVENT  2025-12-14 17:58:31.285 [Example]  This is a user event message using the #logUserEvent macro
PERFR  2025-12-14 17:58:31.285 [Example]  This is a performance message using the #logPerformance macro
SCCSS  2025-12-14 17:58:31.285 [Example]  This is an success message using the #logSuccess macro
WARNG  2025-12-14 17:58:31.285 [Example]  This is a warning using the #logWarning macro
NOTICE 2025-12-14 17:58:31.285 [Example]  This is a notice using the #logNotice macro
ERROR  2025-12-14 17:58:31.285 [Example]  This is an error using the #logError macro
CRITCL 2025-12-14 17:58:31.285 [Example]  This is a critial using the #logCritical macro
FAULT  2025-12-14 17:58:31.285 [Example]  This is a fault using the #logFault macro
INFO   2025-12-14 17:58:31.285 [Example]  This info message uses a custom logger
WARNG  2025-12-14 17:58:31.285 [Example]  This warning uses a custom logger
ERROR  2025-12-14 17:58:31.285 [Example]  This error uses a custom logger

--- END LOG FOR SESSION 946C2182-10F8-4592-944C-23CEBFCB88D2 ---
--- LOG FOR SESSION 3971C389-5DD0-415A-B193-F9E0A030589F AT 2025-12-15 15:32:18.586 ---

TRACE  2025-12-15 15:32:18.584 [Example]  This is a trace message using the #logTrace macro CARD NUMBER: 1234456677
DEBUG  2025-12-15 15:32:18.586 [Example]  This is a trace message using the #logDebug macro
INFO   2025-12-15 15:32:18.586 [Example]  This is an info message using the #logInfo macro
EVENT  2025-12-15 15:32:18.586 [Example]  This is a user event message using the #logUserEvent macro
PERFR  2025-12-15 15:32:18.586 [Example]  This is a performance message using the #logPerformance macro
SCCSS  2025-12-15 15:32:18.586 [Example]  This is an success message using the #logSuccess macro
WARNG  2025-12-15 15:32:18.586 [Example]  This is a warning using the #logWarning macro
NOTICE 2025-12-15 15:32:18.586 [Example]  This is a notice using the #logNotice macro
ERROR  2025-12-15 15:32:18.586 [Example]  This is an error using the #logError macro
CRITCL 2025-12-15 15:32:18.586 [Example]  This is a critial using the #logCritical macro
FAULT  2025-12-15 15:32:18.586 [Example]  This is a fault using the #logFault macro
INFO   2025-12-15 15:32:18.586 [Example]  This info message uses a custom logger
WARNG  2025-12-15 15:32:18.586 [Example]  This warning uses a custom logger
ERROR  2025-12-15 15:32:18.586 [Example]  This error uses a custom logger

--- END LOG FOR SESSION 3971C389-5DD0-415A-B193-F9E0A030589F ---
--- LOG FOR SESSION FEDF4B0C-DFB8-422F-82FB-88C580017F71 AT 2025-12-15 16:03:45.736 ---

TRACE  2025-12-15 16:03:45.733 [Example]  This is a trace message using the #logTrace macro CARD NUMBER: 1234456677
DEBUG  2025-12-15 16:03:45.735 [Example]  This is a trace message using the #logDebug macro
INFO   2025-12-15 16:03:45.735 [Example]  This is an info message using the #logInfo macro
EVENT  2025-12-15 16:03:45.735 [Example]  This is a user event message using the #logUserEvent macro
PERFR  2025-12-15 16:03:45.735 [Example]  This is a performance message using the #logPerformance macro
SCCSS  2025-12-15 16:03:45.735 [Example]  This is an success message using the #logSuccess macro
WARNG  2025-12-15 16:03:45.735 [Example]  This is a warning using the #logWarning macro
NOTICE 2025-12-15 16:03:45.735 [Example]  This is a notice using the #logNotice macro
ERROR  2025-12-15 16:03:45.735 [Example]  This is an error using the #logError macro
CRITCL 2025-12-15 16:03:45.735 [Example]  This is a critial using the #logCritical macro
FAULT  2025-12-15 16:03:45.736 [Example]  This is a fault using the #logFault macro
INFO   2025-12-15 16:03:45.736 [Example]  This info message uses a custom logger
WARNG  2025-12-15 16:03:45.736 [Example]  This warning uses a custom logger
ERROR  2025-12-15 16:03:45.736 [Example]  This error uses a custom logger
FATAL  2025-12-15 16:03:45.736 [Default] [main.demonstrateMacros()] Test

--- END LOG FOR SESSION FEDF4B0C-DFB8-422F-82FB-88C580017F71 ---
--- LOG FOR SESSION A04125F0-F87B-41FF-9112-EE674D56F4A8 AT 2025-12-15 16:06:47.680 ---

TRACE  2025-12-15 16:06:33.849 [Example]  This is a trace message using the #logTrace macro CARD NUMBER: 1234456677
DEBUG  2025-12-15 16:06:33.850 [Example]  This is a trace message using the #logDebug macro
INFO   2025-12-15 16:06:33.850 [Example]  This is an info message using the #logInfo macro
EVENT  2025-12-15 16:06:33.850 [Example]  This is a user event message using the #logUserEvent macro
PERFR  2025-12-15 16:06:33.850 [Example]  This is a performance message using the #logPerformance macro
SCCSS  2025-12-15 16:06:33.850 [Example]  This is an success message using the #logSuccess macro
WARNG  2025-12-15 16:06:33.850 [Example]  This is a warning using the #logWarning macro
NOTICE 2025-12-15 16:06:33.850 [Example]  This is a notice using the #logNotice macro
ERROR  2025-12-15 16:06:33.850 [Example]  This is an error using the #logError macro
CRITCL 2025-12-15 16:06:33.850 [Example]  This is a critial using the #logCritical macro
FAULT  2025-12-15 16:06:33.850 [Example]  This is a fault using the #logFault macro
INFO   2025-12-15 16:06:33.850 [Example]  This info message uses a custom logger
WARNG  2025-12-15 16:06:33.850 [Example]  This warning uses a custom logger
ERROR  2025-12-15 16:06:33.850 [Example]  This error uses a custom logger
INFO   2025-12-15 16:06:33.850 [Example]  Test message before fatal
FATAL  2025-12-15 16:06:47.680 [Default] [main.demonstrateMacros()] Test

--- END LOG FOR SESSION A04125F0-F87B-41FF-9112-EE674D56F4A8 ---
--- LOG FOR SESSION DF7CF2C6-D733-476C-A4A9-F635FAB9C635 AT 2025-12-15 16:07:00.555 ---

TRACE  2025-12-15 16:06:57.308 [Example]  This is a trace message using the #logTrace macro CARD NUMBER: 1234456677
DEBUG  2025-12-15 16:06:57.309 [Example]  This is a trace message using the #logDebug macro
INFO   2025-12-15 16:06:57.309 [Example]  This is an info message using the #logInfo macro
EVENT  2025-12-15 16:06:57.309 [Example]  This is a user event message using the #logUserEvent macro
PERFR  2025-12-15 16:06:57.309 [Example]  This is a performance message using the #logPerformance macro
SCCSS  2025-12-15 16:06:57.309 [Example]  This is an success message using the #logSuccess macro
WARNG  2025-12-15 16:06:57.309 [Example]  This is a warning using the #logWarning macro
NOTICE 2025-12-15 16:06:57.349 [Example]  This is a notice using the #logNotice macro
ERROR  2025-12-15 16:06:57.349 [Example]  This is an error using the #logError macro
CRITCL 2025-12-15 16:06:57.349 [Example]  This is a critial using the #logCritical macro
FAULT  2025-12-15 16:06:57.349 [Example]  This is a fault using the #logFault macro
INFO   2025-12-15 16:06:57.349 [Example]  This info message uses a custom logger
WARNG  2025-12-15 16:06:57.349 [Example]  This warning uses a custom logger
ERROR  2025-12-15 16:06:57.349 [Example]  This error uses a custom logger
INFO   2025-12-15 16:06:57.349 [Example]  Test message before fatal
FATAL  2025-12-15 16:07:00.555 [Default] [main.demonstrateMacros()] Test

--- END LOG FOR SESSION DF7CF2C6-D733-476C-A4A9-F635FAB9C635 ---
--- LOG FOR SESSION B34B0873-DF9C-4EE3-8DAF-19FCEE823F57 AT 2025-12-15 16:07:05.157 ---

TRACE  2025-12-15 16:07:05.156 [Example]  This is a trace message using the #logTrace macro CARD NUMBER: 1234456677
DEBUG  2025-12-15 16:07:05.157 [Example]  This is a trace message using the #logDebug macro
INFO   2025-12-15 16:07:05.157 [Example]  This is an info message using the #logInfo macro
EVENT  2025-12-15 16:07:05.157 [Example]  This is a user event message using the #logUserEvent macro
PERFR  2025-12-15 16:07:05.157 [Example]  This is a performance message using the #logPerformance macro
SCCSS  2025-12-15 16:07:05.157 [Example]  This is an success message using the #logSuccess macro
WARNG  2025-12-15 16:07:05.157 [Example]  This is a warning using the #logWarning macro
NOTICE 2025-12-15 16:07:05.157 [Example]  This is a notice using the #logNotice macro
ERROR  2025-12-15 16:07:05.157 [Example]  This is an error using the #logError macro
CRITCL 2025-12-15 16:07:05.157 [Example]  This is a critial using the #logCritical macro
FAULT  2025-12-15 16:07:05.157 [Example]  This is a fault using the #logFault macro
INFO   2025-12-15 16:07:05.157 [Example]  This info message uses a custom logger
WARNG  2025-12-15 16:07:05.157 [Example]  This warning uses a custom logger
ERROR  2025-12-15 16:07:05.157 [Example]  This error uses a custom logger
INFO   2025-12-15 16:07:05.157 [Example]  Test message before fatal
FATAL  2025-12-15 16:07:05.157 [Default] [main.demonstrateMacros()] Test

--- END LOG FOR SESSION B34B0873-DF9C-4EE3-8DAF-19FCEE823F57 ---
